<?xml version="1.0" encoding="UTF-8"?>
<robot generator="Robot 7.0.1 (Python 3.12.4 on win32)" generated="2024-08-07T10:31:12.050496" rpa="false" schemaversion="5">
<suite id="s1" name="Registro-Card-Correto" source="c:\Users\Leona\OneDrive\Área de Trabalho\Estudos-qa\Curso-robot\registro-card-correto.robot">
<test id="s1-t1" name="Verificar se ao preencher corretamente o formulário os dados são inseridos corretamente na lista e se um novo card é criado no time esperado" line="24">
<kw name="Dado que eu acesse o Organo" owner="setup-teardown" type="SETUP">
<kw name="Open Browser" owner="SeleniumLibrary">
<msg time="2024-08-07T10:31:12.893028" level="INFO">Opening browser 'Chrome' to base url 'http://localhost:3000/'.</msg>
<arg>url=http://localhost:3000/</arg>
<arg>browser=Chrome</arg>
<doc>Opens a new browser instance to the optional ``url``.</doc>
<status status="PASS" start="2024-08-07T10:31:12.892529" elapsed="2.128761"/>
</kw>
<status status="PASS" start="2024-08-07T10:31:12.891029" elapsed="2.130261"/>
</kw>
<kw name="Dado que preencha os campos do formulário">
<kw name="First Name" owner="FakerLibrary">
<msg time="2024-08-07T10:31:15.023291" level="INFO">${Nome} = Maria Helena</msg>
<var>${Nome}</var>
<status status="PASS" start="2024-08-07T10:31:15.022792" elapsed="0.000999"/>
</kw>
<kw name="Input Text" owner="SeleniumLibrary">
<msg time="2024-08-07T10:31:15.024790" level="INFO">Typing text 'Maria Helena' into text field 'id:form-nome'.</msg>
<arg>${CAMPO_NOME}</arg>
<arg>${Nome}</arg>
<doc>Types the given ``text`` into the text field identified by ``locator``.</doc>
<status status="PASS" start="2024-08-07T10:31:15.024292" elapsed="0.128229"/>
</kw>
<kw name="Job" owner="FakerLibrary">
<msg time="2024-08-07T10:31:15.153020" level="INFO">${Cargo} = Soldador</msg>
<var>${Cargo}</var>
<status status="PASS" start="2024-08-07T10:31:15.152521" elapsed="0.000499"/>
</kw>
<kw name="Input Text" owner="SeleniumLibrary">
<msg time="2024-08-07T10:31:15.154020" level="INFO">Typing text 'Soldador' into text field 'id:form-cargo'.</msg>
<arg>${CAMPO_CARGO}</arg>
<arg>${Cargo}</arg>
<doc>Types the given ``text`` into the text field identified by ``locator``.</doc>
<status status="PASS" start="2024-08-07T10:31:15.153520" elapsed="0.122748"/>
</kw>
<kw name="Image Url" owner="FakerLibrary">
<msg time="2024-08-07T10:31:15.276769" level="INFO">${Imagem} = https://picsum.photos/342/803</msg>
<var>${Imagem}</var>
<doc>Returns URL to placeholder image
Example: http://placehold.it/640x480</doc>
<status status="PASS" start="2024-08-07T10:31:15.276769" elapsed="0.000499"/>
</kw>
<kw name="Input Text" owner="SeleniumLibrary">
<msg time="2024-08-07T10:31:15.277768" level="INFO">Typing text 'https://picsum.photos/342/803' into text field 'id:form-imagem'.</msg>
<arg>${CAMPO_IMAGEM}</arg>
<arg>${Imagem}</arg>
<doc>Types the given ``text`` into the text field identified by ``locator``.</doc>
<status status="PASS" start="2024-08-07T10:31:15.277268" elapsed="0.493831"/>
</kw>
<kw name="Click Element" owner="SeleniumLibrary">
<msg time="2024-08-07T10:31:15.771598" level="INFO">Clicking element 'class:lista-suspensa'.</msg>
<arg>${CAMPO_TIME}</arg>
<doc>Click the element identified by ``locator``.</doc>
<status status="PASS" start="2024-08-07T10:31:15.771598" elapsed="0.107140"/>
</kw>
<kw name="Click Element" owner="SeleniumLibrary">
<msg time="2024-08-07T10:31:15.879744" level="INFO">Clicking element '//option[contains(.,'Programação')]'.</msg>
<arg>${PROGRAMACAO}</arg>
<doc>Click the element identified by ``locator``.</doc>
<status status="PASS" start="2024-08-07T10:31:15.878738" elapsed="0.065583"/>
</kw>
<status status="PASS" start="2024-08-07T10:31:15.022291" elapsed="0.922530"/>
</kw>
<kw name="E clique no botão criar card">
<kw name="Click Element" owner="SeleniumLibrary">
<msg time="2024-08-07T10:31:15.946329" level="INFO">Clicking element 'id:form-botao'.</msg>
<arg>${CAMPO_CARD}</arg>
<doc>Click the element identified by ``locator``.</doc>
<status status="PASS" start="2024-08-07T10:31:15.946329" elapsed="0.084307"/>
</kw>
<status status="PASS" start="2024-08-07T10:31:15.945321" elapsed="0.085815"/>
</kw>
<kw name="Então identificar o card no time esperado">
<kw name="Element Should Be Visible" owner="SeleniumLibrary">
<msg time="2024-08-07T10:31:16.073294" level="INFO">Element 'class:colaborador' is displayed.</msg>
<arg>class:colaborador</arg>
<doc>Verifies that the element identified by ``locator`` is visible.</doc>
<status status="PASS" start="2024-08-07T10:31:16.032137" elapsed="0.041157"/>
</kw>
<status status="PASS" start="2024-08-07T10:31:16.031636" elapsed="0.042159"/>
</kw>
<kw name="Fechar o navegador" owner="setup-teardown" type="TEARDOWN">
<kw name="Close Browser" owner="SeleniumLibrary">
<doc>Closes the current browser.</doc>
<status status="PASS" start="2024-08-07T10:31:16.074794" elapsed="2.126759"/>
</kw>
<status status="PASS" start="2024-08-07T10:31:16.074294" elapsed="2.127759"/>
</kw>
<status status="PASS" start="2024-08-07T10:31:12.889529" elapsed="5.312524"/>
</test>
<status status="PASS" start="2024-08-07T10:31:12.057001" elapsed="6.146052"/>
</suite>
<statistics>
<total>
<stat pass="1" fail="0" skip="0">All Tests</stat>
</total>
<tag>
</tag>
<suite>
<stat pass="1" fail="0" skip="0" id="s1" name="Registro-Card-Correto">Registro-Card-Correto</stat>
</suite>
</statistics>
<errors>
</errors>
</robot>
