<?xml version="1.0" encoding="UTF-8"?>
<robot generator="Robot 7.0.1 (Python 3.12.4 on win32)" generated="2024-08-02T11:51:07.412641" rpa="false" schemaversion="5">
<suite id="s1" name="Primeiro-Teste" source="C:\Users\Leona\OneDrive\Área de Trabalho\Estudos-qa\Curso-robot\primeiro-teste.robot">
<test id="s1-t1" name="Abrir navegador e acessar o site do organo" line="5">
<kw name="Open Browser" owner="SeleniumLibrary">
<msg time="2024-08-02T11:51:07.631046" level="INFO">Opening browser 'Chrome' to base url 'http://localhost:3000/'.</msg>
<arg>url=http://localhost:3000/</arg>
<arg>browser=Chrome</arg>
<doc>Opens a new browser instance to the optional ``url``.</doc>
<status status="PASS" start="2024-08-02T11:51:07.630046" elapsed="1.928418"/>
</kw>
<status status="PASS" start="2024-08-02T11:51:07.630046" elapsed="1.929419"/>
</test>
<test id="s1-t2" name="Preencher os campos do formulario e adicionar novo colaborador" line="8">
<kw name="Input Text" owner="SeleniumLibrary">
<msg time="2024-08-02T11:51:09.560464" level="INFO">Typing text 'Yousek' into text field 'id:form-nome'.</msg>
<arg>id:form-nome</arg>
<arg>Yousek</arg>
<doc>Types the given ``text`` into the text field identified by ``locator``.</doc>
<status status="PASS" start="2024-08-02T11:51:09.560464" elapsed="0.096020"/>
</kw>
<kw name="Input Text" owner="SeleniumLibrary">
<msg time="2024-08-02T11:51:09.657486" level="INFO">Typing text 'Desenvolvedor' into text field 'id:form-cargo'.</msg>
<arg>id:form-cargo</arg>
<arg>Desenvolvedor</arg>
<doc>Types the given ``text`` into the text field identified by ``locator``.</doc>
<status status="PASS" start="2024-08-02T11:51:09.657486" elapsed="0.088672"/>
</kw>
<kw name="Input Text" owner="SeleniumLibrary">
<msg time="2024-08-02T11:51:09.746158" level="INFO">Typing text 'https://picsum.photos/200/300' into text field 'id:form-imagem'.</msg>
<arg>id:form-imagem</arg>
<arg>https://picsum.photos/200/300</arg>
<doc>Types the given ``text`` into the text field identified by ``locator``.</doc>
<status status="PASS" start="2024-08-02T11:51:09.746158" elapsed="0.102696"/>
</kw>
<kw name="Click Element" owner="SeleniumLibrary">
<msg time="2024-08-02T11:51:09.849854" level="INFO">Clicking element 'class:lista-suspensa'.</msg>
<arg>class:lista-suspensa</arg>
<doc>Click the element identified by ``locator``.</doc>
<status status="PASS" start="2024-08-02T11:51:09.849854" elapsed="0.056054"/>
</kw>
<kw name="Click Element" owner="SeleniumLibrary">
<msg time="2024-08-02T11:51:09.906906" level="INFO">Clicking element '//option[contains(.,'Programação')]'.</msg>
<arg>//option[contains(.,'Programação')]</arg>
<doc>Click the element identified by ``locator``.</doc>
<status status="PASS" start="2024-08-02T11:51:09.905908" elapsed="0.035222"/>
</kw>
<kw name="Sleep" owner="BuiltIn">
<msg time="2024-08-02T11:51:14.942619" level="INFO">Slept 5 seconds.</msg>
<arg>5s</arg>
<doc>Pauses the test executed for the given time.</doc>
<status status="PASS" start="2024-08-02T11:51:09.942134" elapsed="5.000485"/>
</kw>
<kw name="Click Element" owner="SeleniumLibrary">
<msg time="2024-08-02T11:51:14.942619" level="INFO">Clicking element 'id:form-botao'.</msg>
<arg>id:form-botao</arg>
<doc>Click the element identified by ``locator``.</doc>
<status status="PASS" start="2024-08-02T11:51:14.942619" elapsed="0.034199"/>
</kw>
<kw name="Element Should Be Visible" owner="SeleniumLibrary">
<msg time="2024-08-02T11:51:14.994065" level="INFO">Element 'class:colaborador' is displayed.</msg>
<arg>class:colaborador</arg>
<doc>Verifies that the element identified by ``locator`` is visible.</doc>
<status status="PASS" start="2024-08-02T11:51:14.977824" elapsed="0.016241"/>
</kw>
<kw name="Sleep" owner="BuiltIn">
<msg time="2024-08-02T11:51:19.994700" level="INFO">Slept 5 seconds.</msg>
<arg>5s</arg>
<doc>Pauses the test executed for the given time.</doc>
<status status="PASS" start="2024-08-02T11:51:14.994572" elapsed="5.000128"/>
</kw>
<status status="PASS" start="2024-08-02T11:51:09.559465" elapsed="10.435235"/>
</test>
<status status="PASS" start="2024-08-02T11:51:07.414145" elapsed="12.581562"/>
</suite>
<statistics>
<total>
<stat pass="2" fail="0" skip="0">All Tests</stat>
</total>
<tag>
</tag>
<suite>
<stat pass="2" fail="0" skip="0" id="s1" name="Primeiro-Teste">Primeiro-Teste</stat>
</suite>
</statistics>
<errors>
</errors>
</robot>
